<?xml version="1.0" encoding="UTF-8"?>
<!-- Generated by org.testng.reporters.JUnitXMLReporter -->
<testsuite hostname="IN5CD6411J9Y" ignored="0" name="Default test" tests="1" failures="0" timestamp="21 Jan 2020 07:11:35 GMT" time="5.037" errors="0">
  <testcase name="@BeforeClass openBrowser" time="4.966" classname="com.actitime.generics.BaseClass">
    <failure type="org.openqa.selenium.SessionNotCreatedException" message="session not created: This version of ChromeDriver only supports Chrome version 75
Build info: version: &amp;apos;3.141.59&amp;apos;, revision: &amp;apos;e82be7d358&amp;apos;, time: &amp;apos;2018-11-14T08:25:53&amp;apos;
System info: host: &amp;apos;IN5CD6411J9Y&amp;apos;, ip: &amp;apos;192.168.0.3&amp;apos;, os.name: &amp;apos;Windows 7&amp;apos;, os.arch: &amp;apos;amd64&amp;apos;, os.version: &amp;apos;6.1&amp;apos;, java.version: &amp;apos;1.8.0_221&amp;apos;
Driver info: driver.version: ChromeDriver
remote stacktrace: Backtrace:
	Ordinal0 [0x00291B43+1448771]
	Ordinal0 [0x00215A31+940593]
	Ordinal0 [0x001A2293+467603]
	Ordinal0 [0x0013F27E+62078]
	Ordinal0 [0x0013BBBD+48061]
	Ordinal0 [0x00158D09+167177]
	Ordinal0 [0x001588DD+166109]
	Ordinal0 [0x00156FEB+159723]
	Ordinal0 [0x001409F6+68086]
	Ordinal0 [0x00141990+72080]
	Ordinal0 [0x00141929+71977]
	GetHandleVerifier [0x003D2E8C+1172172]
	GetHandleVerifier [0x0032FE55+504469]
	GetHandleVerifier [0x0032FBF0+503856]
	Ordinal0 [0x0029C9C8+1493448]
	GetHandleVerifier [0x0033062A+506474]
	Ordinal0 [0x00227156+1012054]
	Ordinal0 [0x00226FCF+1011663]
	Ordinal0 [0x0023135B+1053531]
	Ordinal0 [0x002314C3+1053891]
	Ordinal0 [0x002304F5+1049845]
	BaseThreadInitThunk [0x7551343D+18]
	RtlInitializeExceptionChain [0x779D9812+99]
	RtlInitializeExceptionChain [0x779D97E5+54]
">
      <![CDATA[org.openqa.selenium.SessionNotCreatedException: session not created: This version of ChromeDriver only supports Chrome version 75
Build info: version: '3.141.59', revision: 'e82be7d358', time: '2018-11-14T08:25:53'
System info: host: 'IN5CD6411J9Y', ip: '192.168.0.3', os.name: 'Windows 7', os.arch: 'amd64', os.version: '6.1', java.version: '1.8.0_221'
Driver info: driver.version: ChromeDriver
remote stacktrace: Backtrace:
Ordinal0 [0x00291B43+1448771]
Ordinal0 [0x00215A31+940593]
Ordinal0 [0x001A2293+467603]
Ordinal0 [0x0013F27E+62078]
Ordinal0 [0x0013BBBD+48061]
Ordinal0 [0x00158D09+167177]
Ordinal0 [0x001588DD+166109]
Ordinal0 [0x00156FEB+159723]
Ordinal0 [0x001409F6+68086]
Ordinal0 [0x00141990+72080]
Ordinal0 [0x00141929+71977]
GetHandleVerifier [0x003D2E8C+1172172]
GetHandleVerifier [0x0032FE55+504469]
GetHandleVerifier [0x0032FBF0+503856]
Ordinal0 [0x0029C9C8+1493448]
GetHandleVerifier [0x0033062A+506474]
Ordinal0 [0x00227156+1012054]
Ordinal0 [0x00226FCF+1011663]
Ordinal0 [0x0023135B+1053531]
Ordinal0 [0x002314C3+1053891]
Ordinal0 [0x002304F5+1049845]
BaseThreadInitThunk [0x7551343D+18]
RtlInitializeExceptionChain [0x779D9812+99]
RtlInitializeExceptionChain [0x779D97E5+54]

at sun.reflect.NativeConstructorAccessorImpl.newInstance0(Native Method)
at sun.reflect.NativeConstructorAccessorImpl.newInstance(Unknown Source)
at sun.reflect.DelegatingConstructorAccessorImpl.newInstance(Unknown Source)
at java.lang.reflect.Constructor.newInstance(Unknown Source)
at org.openqa.selenium.remote.W3CHandshakeResponse.lambda$errorHandler$0(W3CHandshakeResponse.java:62)
at org.openqa.selenium.remote.HandshakeResponse.lambda$getResponseFunction$0(HandshakeResponse.java:30)
at org.openqa.selenium.remote.ProtocolHandshake.lambda$createSession$0(ProtocolHandshake.java:126)
at java.util.stream.ReferencePipeline$3$1.accept(Unknown Source)
at java.util.Spliterators$ArraySpliterator.tryAdvance(Unknown Source)
at java.util.stream.ReferencePipeline.forEachWithCancel(Unknown Source)
at java.util.stream.AbstractPipeline.copyIntoWithCancel(Unknown Source)
at java.util.stream.AbstractPipeline.copyInto(Unknown Source)
at java.util.stream.AbstractPipeline.wrapAndCopyInto(Unknown Source)
at java.util.stream.FindOps$FindOp.evaluateSequential(Unknown Source)
at java.util.stream.AbstractPipeline.evaluate(Unknown Source)
at java.util.stream.ReferencePipeline.findFirst(Unknown Source)
at org.openqa.selenium.remote.ProtocolHandshake.createSession(ProtocolHandshake.java:128)
at org.openqa.selenium.remote.ProtocolHandshake.createSession(ProtocolHandshake.java:74)
at org.openqa.selenium.remote.HttpCommandExecutor.execute(HttpCommandExecutor.java:136)
at org.openqa.selenium.remote.service.DriverCommandExecutor.execute(DriverCommandExecutor.java:83)
at org.openqa.selenium.remote.RemoteWebDriver.execute(RemoteWebDriver.java:552)
at org.openqa.selenium.remote.RemoteWebDriver.startSession(RemoteWebDriver.java:213)
at org.openqa.selenium.remote.RemoteWebDriver.<init>(RemoteWebDriver.java:131)
at org.openqa.selenium.chrome.ChromeDriver.<init>(ChromeDriver.java:181)
at org.openqa.selenium.chrome.ChromeDriver.<init>(ChromeDriver.java:168)
at org.openqa.selenium.chrome.ChromeDriver.<init>(ChromeDriver.java:123)
at com.actitime.generics.BaseClass.openBrowser(BaseClass.java:30)
at sun.reflect.NativeMethodAccessorImpl.invoke0(Native Method)
at sun.reflect.NativeMethodAccessorImpl.invoke(Unknown Source)
at sun.reflect.DelegatingMethodAccessorImpl.invoke(Unknown Source)
at java.lang.reflect.Method.invoke(Unknown Source)
at org.testng.internal.MethodInvocationHelper.invokeMethod(MethodInvocationHelper.java:124)
at org.testng.internal.MethodInvocationHelper.invokeMethodConsideringTimeout(MethodInvocationHelper.java:59)
at org.testng.internal.Invoker.invokeConfigurationMethod(Invoker.java:458)
at org.testng.internal.Invoker.invokeConfigurations(Invoker.java:222)
at org.testng.internal.Invoker.invokeConfigurations(Invoker.java:142)
at org.testng.internal.TestMethodWorker.invokeBeforeClassMethods(TestMethodWorker.java:168)
at org.testng.internal.TestMethodWorker.run(TestMethodWorker.java:105)
at org.testng.TestRunner.privateRun(TestRunner.java:648)
at org.testng.TestRunner.run(TestRunner.java:505)
at org.testng.SuiteRunner.runTest(SuiteRunner.java:455)
at org.testng.SuiteRunner.runSequentially(SuiteRunner.java:450)
at org.testng.SuiteRunner.privateRun(SuiteRunner.java:415)
at org.testng.SuiteRunner.run(SuiteRunner.java:364)
at org.testng.SuiteRunnerWorker.runSuite(SuiteRunnerWorker.java:52)
at org.testng.SuiteRunnerWorker.run(SuiteRunnerWorker.java:84)
at org.testng.TestNG.runSuitesSequentially(TestNG.java:1208)
at org.testng.TestNG.runSuitesLocally(TestNG.java:1137)
at org.testng.TestNG.runSuites(TestNG.java:1049)
at org.testng.TestNG.run(TestNG.java:1017)
at org.testng.remote.AbstractRemoteTestNG.run(AbstractRemoteTestNG.java:114)
at org.testng.remote.RemoteTestNG.initAndRun(RemoteTestNG.java:251)
at org.testng.remote.RemoteTestNG.main(RemoteTestNG.java:77)
]]>
    </failure>
  </testcase> <!-- @BeforeClass openBrowser -->
  <testcase name="@BeforeMethod loginApp" time="0.0" classname="com.actitime.generics.BaseClass">
    <skipped/>
  </testcase> <!-- @BeforeMethod loginApp -->
  <testcase name="@AfterMethod logoutApp" time="0.0" classname="com.actitime.generics.BaseClass">
    <skipped/>
  </testcase> <!-- @AfterMethod logoutApp -->
  <testcase name="@AfterClass closeBrowser" time="0.0" classname="com.actitime.generics.BaseClass">
    <skipped/>
  </testcase> <!-- @AfterClass closeBrowser -->
  <testcase name="testCreateCustome" time="0.0" classname="com.actitime.test.CustomerModule">
    <skipped/>
  </testcase> <!-- testCreateCustome -->
</testsuite> <!-- Default test -->
